2024.11.26 12:04:25 INFO  Started: Metals version 1.4.1 in folders '/home/ziza/Desktop/systems/scala/apache' for client Visual Studio Code 1.90.2.[0m
2024.11.26 12:04:28 WARN  Flyway upgrade recommended: H2 2.3.232 is newer than this version of Flyway and support has not been tested. The latest supported version of H2 is 2.2.224.[0m
2024.11.26 12:04:29 INFO  no build target found for /home/ziza/Desktop/systems/scala/apache/apache.scala. Using presentation compiler with project's scala-library version: 3.3.4[0m
2024.11.26 12:04:38 INFO  Running List(/home/ziza/.sdkman/candidates/scala/current/bin/scala-cli, setup-ide, /home/ziza/Desktop/systems/scala/apache)[0m
2024.11.26 12:04:39 INFO  Attempting to connect to the build server...[0m
2024.11.26 12:04:39 INFO  Running BSP server List(/home/ziza/.sdkman/candidates/scala/current/bin/scala-cli, bsp, --json-options, /home/ziza/Desktop/systems/scala/apache/.scala-build/ide-options-v2.json, --json-launcher-options, /home/ziza/Desktop/systems/scala/apache/.scala-build/ide-launcher-options.json, --envs-file, /home/ziza/Desktop/systems/scala/apache/.scala-build/ide-envs.json, /home/ziza/Desktop/systems/scala/apache)[0m
2024.11.26 12:04:40 INFO  tracing is disabled for protocol BSP, to enable tracing of incoming and outgoing JSON messages create an empty file at /home/ziza/Desktop/systems/scala/apache/.metals/bsp.trace.json or /home/ziza/.cache/metals/bsp.trace.json[0m
2024.11.26 12:04:41 INFO  no build target found for /home/ziza/Desktop/systems/scala/apache/apache.scala. Using presentation compiler with project's scala-library version: 3.3.4[0m
Nov 26, 2024 12:04:41 PM org.eclipse.lsp4j.jsonrpc.RemoteEndpoint handleCancellation
WARNING: Unmatched cancel notification for request id 3
Nov 26, 2024 12:04:42 PM org.eclipse.lsp4j.jsonrpc.RemoteEndpoint handleCancellation
WARNING: Unmatched cancel notification for request id 5
Nov 26, 2024 12:04:42 PM org.eclipse.lsp4j.jsonrpc.RemoteEndpoint handleCancellation
WARNING: Unmatched cancel notification for request id 2
Nov 26, 2024 12:04:42 PM org.eclipse.lsp4j.jsonrpc.RemoteEndpoint handleCancellation
WARNING: Unmatched cancel notification for request id 1
2024.11.26 12:04:42 INFO  no build target found for /home/ziza/Desktop/systems/scala/apache/apache.scala. Using presentation compiler with project's scala-library version: 3.3.4[0m
2024.11.26 12:04:42 INFO  no build target found for /home/ziza/Desktop/systems/scala/apache/apache.scala. Using presentation compiler with project's scala-library version: 3.3.4[0m
2024.11.26 12:04:42 INFO  no build target found for /home/ziza/Desktop/systems/scala/apache/apache.scala. Using presentation compiler with project's scala-library version: 3.3.4[0m
Nov 26, 2024 12:04:43 PM org.eclipse.lsp4j.jsonrpc.RemoteEndpoint handleCancellation
WARNING: Unmatched cancel notification for request id 12
Nov 26, 2024 12:04:43 PM org.eclipse.lsp4j.jsonrpc.RemoteEndpoint handleCancellation
WARNING: Unmatched cancel notification for request id 11
2024.11.26 12:04:42 INFO  no build target found for /home/ziza/Desktop/systems/scala/apache/apache.scala. Using presentation compiler with project's scala-library version: 3.3.4[0m
2024.11.26 12:04:42 INFO  no build target found for /home/ziza/Desktop/systems/scala/apache/apache.scala. Using presentation compiler with project's scala-library version: 3.3.4[0m
Nov 26, 2024 12:04:43 PM org.eclipse.lsp4j.jsonrpc.RemoteEndpoint handleCancellation
WARNING: Unmatched cancel notification for request id 10
2024.11.26 12:04:42 INFO  no build target found for /home/ziza/Desktop/systems/scala/apache/apache.scala. Using presentation compiler with project's scala-library version: 3.3.4[0m
Nov 26, 2024 12:04:43 PM org.eclipse.lsp4j.jsonrpc.RemoteEndpoint handleCancellation
WARNING: Unmatched cancel notification for request id 19
2024.11.26 12:04:42 INFO  no build target found for /home/ziza/Desktop/systems/scala/apache/apache.scala. Using presentation compiler with project's scala-library version: 3.3.4[0m
2024.11.26 12:04:43 WARN  no build target for: /home/ziza/Desktop/systems/scala/apache/apache.scala[0m
Nov 26, 2024 12:04:43 PM org.eclipse.lsp4j.jsonrpc.RemoteEndpoint handleCancellation
WARNING: Unmatched cancel notification for request id 20
2024.11.26 12:04:43 INFO  no build target found for /home/ziza/Desktop/systems/scala/apache/apache.scala. Using presentation compiler with project's scala-library version: 3.3.4[0m
2024.11.26 12:04:45 INFO  BSP server: Starting compilation server[0m
2024.11.26 12:04:48 WARN  Could not find semantic tokens for: file:///home/ziza/Desktop/systems/scala/apache/apache.scala[0m
2024.11.26 12:04:50 INFO  no build target found for /home/ziza/Desktop/systems/scala/apache/apache.scala. Using presentation compiler with project's scala-library version: 3.3.4[0m
2024.11.26 12:04:50 WARN  Could not find semantic tokens for: file:///home/ziza/Desktop/systems/scala/apache/apache.scala[0m
2024.11.26 12:05:08 INFO  BSP server: Downloading https://repo1.maven.org/maven2/org/scala-lang/scala3-library_3/3.4.2/scala3-library_3-3.4.2.jar[0m
2024.11.26 12:05:10 INFO  BSP server: Downloaded https://repo1.maven.org/maven2/org/scala-lang/scala3-library_3/3.4.2/scala3-library_3-3.4.2.jar[0m
2024.11.26 12:05:10 INFO  BSP server: Downloading https://repo1.maven.org/maven2/org/scala-lang/scala3-sbt-bridge/3.4.2/scala3-sbt-bridge-3.4.2.pom[0m
2024.11.26 12:05:10 INFO  BSP server: Downloaded https://repo1.maven.org/maven2/org/scala-lang/scala3-sbt-bridge/3.4.2/scala3-sbt-bridge-3.4.2.pom[0m
2024.11.26 12:05:10 INFO  BSP server: Downloading https://repo1.maven.org/maven2/org/scala-lang/scala3-sbt-bridge/3.4.2/scala3-sbt-bridge-3.4.2.jar[0m
2024.11.26 12:05:10 INFO  BSP server: Downloaded https://repo1.maven.org/maven2/org/scala-lang/scala3-sbt-bridge/3.4.2/scala3-sbt-bridge-3.4.2.jar[0m
2024.11.26 12:05:10 INFO  BSP server: Downloading https://repo1.maven.org/maven2/org/scala-lang/scala-library/2.13.12/scala-library-2.13.12-sources.jar[0m
2024.11.26 12:05:10 INFO  BSP server: Downloading https://repo1.maven.org/maven2/org/scala-lang/scala3-library_3/3.4.2/scala3-library_3-3.4.2-sources.jar[0m
2024.11.26 12:05:12 INFO  BSP server: Downloaded https://repo1.maven.org/maven2/org/scala-lang/scala-library/2.13.12/scala-library-2.13.12-sources.jar[0m
2024.11.26 12:05:12 INFO  BSP server: Downloaded https://repo1.maven.org/maven2/org/scala-lang/scala3-library_3/3.4.2/scala3-library_3-3.4.2-sources.jar[0m
2024.11.26 12:05:13 INFO  time: Connected to build server in 33s[0m
2024.11.26 12:05:13 INFO  Connected to Build server: scala-cli v1.4.0[0m
2024.11.26 12:05:15 INFO  compiling apache_0b8ab2eb33 (1 scala source)[0m
2024.11.26 12:05:32 INFO  time: Imported build in 18s[0m
2024.11.26 12:05:32 INFO  running doctor check[0m
2024.11.26 12:05:32 INFO  java targets: apache_0b8ab2eb33, apache_0b8ab2eb33-test[0m
2024.11.26 12:05:44 WARN  Could not find java sources in /usr/lib/jvm/src.zip, /usr/lib/jvm/lib/src.zip, /usr/lib/jvm/java-21-openjdk-amd64/src.zip, /usr/lib/jvm/java-21-openjdk-amd64/lib/src.zip, /usr/lib/jvm/src.zip, /usr/lib/jvm/lib/src.zip, /usr/lib/jvm/java-21-openjdk-amd64/src.zip, /usr/lib/jvm/java-21-openjdk-amd64/lib/src.zip. Java symbols will not be available.[0m
2024.11.26 12:05:47 WARN  Could not find java sources in /usr/lib/jvm/src.zip, /usr/lib/jvm/lib/src.zip, /usr/lib/jvm/java-21-openjdk-amd64/src.zip, /usr/lib/jvm/java-21-openjdk-amd64/lib/src.zip, /usr/lib/jvm/src.zip, /usr/lib/jvm/lib/src.zip, /usr/lib/jvm/java-21-openjdk-amd64/src.zip, /usr/lib/jvm/java-21-openjdk-amd64/lib/src.zip. Java symbols will not be available.[0m
2024.11.26 12:05:47 INFO  time: indexed workspace in 15s[0m
2024.11.26 12:13:13 WARN  Could not find semantic tokens for: file:///home/ziza/Desktop/systems/scala/apache/apache.scala[0m
2024.11.26 12:13:14 WARN  Could not find semantic tokens for: file:///home/ziza/Desktop/systems/scala/apache/apache.scala[0m
2024.11.26 12:13:14 WARN  Could not find semantic tokens for: file:///home/ziza/Desktop/systems/scala/apache/apache.scala[0m
2024.11.26 12:13:17 INFO  compiling apache_0b8ab2eb33 (1 scala source)[0m
2024.11.26 12:13:19 INFO  time: compiled apache_0b8ab2eb33 in 1.85s[0m
2024.11.26 12:13:19 INFO  compiling apache_0b8ab2eb33 (1 scala source)[0m
2024.11.26 12:13:19 INFO  time: compiled apache_0b8ab2eb33 in 0.3s[0m
2024.11.26 12:14:40 INFO  compiling apache_0b8ab2eb33 (1 scala source)[0m
2024.11.26 12:14:41 INFO  time: compiled apache_0b8ab2eb33 in 1.02s[0m
2024.11.26 12:14:43 WARN  Could not find semantic tokens for: file:///home/ziza/Desktop/systems/scala/apache/apache.scala[0m
2024.11.26 12:14:46 INFO  compiling apache_0b8ab2eb33 (1 scala source)[0m
Nov 26, 2024 12:14:47 PM org.eclipse.lsp4j.jsonrpc.RemoteEndpoint handleCancellation
WARNING: Unmatched cancel notification for request id 138
2024.11.26 12:14:46 INFO  time: compiled apache_0b8ab2eb33 in 0.85s[0m
2024.11.26 12:14:50 INFO  compiling apache_0b8ab2eb33 (1 scala source)[0m
2024.11.26 12:14:50 INFO  time: compiled apache_0b8ab2eb33 in 0.67s[0m
2024.11.26 12:14:53 INFO  compiling apache_0b8ab2eb33 (1 scala source)[0m
2024.11.26 12:14:55 INFO  time: compiled apache_0b8ab2eb33 in 2.34s[0m
2024.11.26 12:14:55 INFO  compiling apache_0b8ab2eb33 (1 scala source)[0m
2024.11.26 12:14:57 INFO  time: compiled apache_0b8ab2eb33 in 1.38s[0m
2024.11.26 12:15:00 INFO  compiling apache_0b8ab2eb33 (1 scala source)[0m
Nov 26, 2024 12:15:01 PM org.eclipse.lsp4j.jsonrpc.RemoteEndpoint handleCancellation
WARNING: Unmatched cancel notification for request id 235
2024.11.26 12:15:02 INFO  time: compiled apache_0b8ab2eb33 in 1.19s[0m
2024.11.26 12:15:03 INFO  compiling apache_0b8ab2eb33 (1 scala source)[0m
2024.11.26 12:15:03 INFO  time: compiled apache_0b8ab2eb33 in 0.93s[0m
2024.11.26 12:15:06 INFO  compiling apache_0b8ab2eb33 (1 scala source)[0m
2024.11.26 12:15:07 INFO  time: compiled apache_0b8ab2eb33 in 1.01s[0m
Nov 26, 2024 12:18:15 PM org.eclipse.lsp4j.jsonrpc.RemoteEndpoint handleCancellation
WARNING: Unmatched cancel notification for request id 276
Nov 26, 2024 12:21:46 PM org.eclipse.lsp4j.jsonrpc.RemoteEndpoint handleCancellation
WARNING: Unmatched cancel notification for request id 278
Nov 26, 2024 12:21:47 PM org.eclipse.lsp4j.jsonrpc.RemoteEndpoint handleCancellation
WARNING: Unmatched cancel notification for request id 286
2024.11.26 12:21:49 INFO  compiling apache_0b8ab2eb33 (1 scala source)[0m
2024.11.26 12:21:49 INFO  time: compiled apache_0b8ab2eb33 in 0.95s[0m
2024.11.26 12:21:53 INFO  compiling apache_0b8ab2eb33 (1 scala source)[0m
2024.11.26 12:21:53 INFO  time: compiled apache_0b8ab2eb33 in 0.79s[0m
2024.11.26 12:22:10 INFO  compiling apache_0b8ab2eb33 (1 scala source)[0m
2024.11.26 12:22:10 INFO  time: compiled apache_0b8ab2eb33 in 0.59s[0m
2024.11.26 16:17:03 INFO  no build target found for /home/ziza/Desktop/systems/scala/apache/sql.scala. Using presentation compiler with project's scala-library version: 3.3.4[0m
2024.11.26 16:17:04 INFO  no build target found for /home/ziza/Desktop/systems/scala/apache/sql.scala. Using presentation compiler with project's scala-library version: 3.3.4[0m
2024.11.26 16:17:04 INFO  no build target found for /home/ziza/Desktop/systems/scala/apache/sql.scala. Using presentation compiler with project's scala-library version: 3.3.4[0m
2024.11.26 16:17:04 WARN  Could not find semantic tokens for: file:///home/ziza/Desktop/systems/scala/apache/sql.scala[0m
2024.11.26 16:17:05 INFO  no build target found for /home/ziza/Desktop/systems/scala/apache/sql.scala. Using presentation compiler with project's scala-library version: 3.3.4[0m
2024.11.26 16:17:05 INFO  no build target found for /home/ziza/Desktop/systems/scala/apache/sql.scala. Using presentation compiler with project's scala-library version: 3.3.4[0m
2024.11.26 16:17:05 INFO  no build target found for /home/ziza/Desktop/systems/scala/apache/sql.scala. Using presentation compiler with project's scala-library version: 3.3.4[0m
2024.11.26 16:17:06 INFO  no build target found for /home/ziza/Desktop/systems/scala/apache/sql.scala. Using presentation compiler with project's scala-library version: 3.3.4[0m
2024.11.26 16:17:06 INFO  no build target found for /home/ziza/Desktop/systems/scala/apache/sql.scala. Using presentation compiler with project's scala-library version: 3.3.4[0m
2024.11.26 16:17:08 INFO  no build target found for /home/ziza/Desktop/systems/scala/apache/sql.scala. Using presentation compiler with project's scala-library version: 3.3.4[0m
2024.11.26 16:17:08 INFO  no build target found for /home/ziza/Desktop/systems/scala/apache/sql.scala. Using presentation compiler with project's scala-library version: 3.3.4[0m
2024.11.26 16:17:08 WARN  Could not find semantic tokens for: file:///home/ziza/Desktop/systems/scala/apache/sql.scala[0m
2024.11.26 16:17:08 INFO  time: code lens generation in 3.33s[0m
2024.11.26 16:17:08 INFO  no build target found for /home/ziza/Desktop/systems/scala/apache/sql.scala. Using presentation compiler with project's scala-library version: 3.3.4[0m
2024.11.26 16:17:09 INFO  no build target found for /home/ziza/Desktop/systems/scala/apache/sql.scala. Using presentation compiler with project's scala-library version: 3.3.4[0m
2024.11.26 16:17:10 INFO  no build target found for /home/ziza/Desktop/systems/scala/apache/sql.scala. Using presentation compiler with project's scala-library version: 3.3.4[0m
2024.11.26 16:17:10 WARN  Could not find semantic tokens for: file:///home/ziza/Desktop/systems/scala/apache/sql.scala[0m
2024.11.26 16:17:11 WARN  no build target for: /home/ziza/Desktop/systems/scala/apache/sql.scala[0m
2024.11.26 16:17:11 WARN  no build target for: /home/ziza/Desktop/systems/scala/apache/sql.scala[0m
2024.11.26 16:17:11 WARN  Could not find semantic tokens for: file:///home/ziza/Desktop/systems/scala/apache/sql.scala[0m
2024.11.26 16:17:11 INFO  running doctor check[0m
2024.11.26 16:17:11 INFO  java targets: apache_0b8ab2eb33, apache_0b8ab2eb33-test[0m
2024.11.26 16:17:12 INFO  compiling apache_0b8ab2eb33 (2 scala sources)[0m
2024.11.26 16:17:13 WARN  Could not find semantic tokens for: file:///home/ziza/Desktop/systems/scala/apache/sql.scala[0m
2024.11.26 16:17:16 INFO  time: compiled apache_0b8ab2eb33 in 3.93s[0m
2024.11.26 16:17:19 WARN  Could not find java sources in /usr/lib/jvm/src.zip, /usr/lib/jvm/lib/src.zip, /usr/lib/jvm/java-21-openjdk-amd64/src.zip, /usr/lib/jvm/java-21-openjdk-amd64/lib/src.zip, /usr/lib/jvm/src.zip, /usr/lib/jvm/lib/src.zip, /usr/lib/jvm/java-21-openjdk-amd64/src.zip, /usr/lib/jvm/java-21-openjdk-amd64/lib/src.zip. Java symbols will not be available.[0m
2024.11.26 16:17:19 WARN  Could not find java sources in /usr/lib/jvm/src.zip, /usr/lib/jvm/lib/src.zip, /usr/lib/jvm/java-21-openjdk-amd64/src.zip, /usr/lib/jvm/java-21-openjdk-amd64/lib/src.zip, /usr/lib/jvm/src.zip, /usr/lib/jvm/lib/src.zip, /usr/lib/jvm/java-21-openjdk-amd64/src.zip, /usr/lib/jvm/java-21-openjdk-amd64/lib/src.zip. Java symbols will not be available.[0m
2024.11.26 16:17:19 INFO  time: indexed workspace in 7.52s[0m
2024.11.26 16:17:21 INFO  compiling apache_0b8ab2eb33 (2 scala sources)[0m
2024.11.26 16:18:19 INFO  time: compiled apache_0b8ab2eb33 in 57s[0m
2024.11.26 16:18:31 INFO  compiling apache_0b8ab2eb33 (2 scala sources)[0m
2024.11.26 16:18:35 INFO  time: compiled apache_0b8ab2eb33 in 4.38s[0m
2024.11.26 18:55:00 INFO  Running BSP server List(/home/ziza/.sdkman/candidates/scala/current/bin/scala-cli, bsp, --json-options, /home/ziza/Desktop/systems/scala/apache/.scala-build/ide-options-v2.json, --json-launcher-options, /home/ziza/Desktop/systems/scala/apache/.scala-build/ide-launcher-options.json, --envs-file, /home/ziza/Desktop/systems/scala/apache/.scala-build/ide-envs.json, /home/ziza/Desktop/systems/scala/apache)[0m
2024.11.26 18:55:03 ERROR timeout: build server 'scala-cli' during shutdown[0m
2024.11.26 18:55:04 INFO  tracing is disabled for protocol BSP, to enable tracing of incoming and outgoing JSON messages create an empty file at /home/ziza/Desktop/systems/scala/apache/.metals/bsp.trace.json or /home/ziza/.cache/metals/bsp.trace.json[0m
2024.11.27 06:40:59 INFO  Started: Metals version 1.4.1 in folders '/home/ziza/Desktop/systems/scala/apache' for client Visual Studio Code 1.90.2.[0m
2024.11.27 06:41:04 WARN  Flyway upgrade recommended: H2 2.3.232 is newer than this version of Flyway and support has not been tested. The latest supported version of H2 is 2.2.224.[0m
2024.11.27 06:41:05 INFO  no build target found for /home/ziza/Desktop/systems/scala/apache/select.scala. Using presentation compiler with project's scala-library version: 3.3.4[0m
2024.11.27 06:41:06 INFO  Attempting to connect to the build server...[0m
2024.11.27 06:41:06 INFO  Running BSP server List(/home/ziza/.sdkman/candidates/scala/current/bin/scala-cli, bsp, --json-options, /home/ziza/Desktop/systems/scala/apache/.scala-build/ide-options-v2.json, --json-launcher-options, /home/ziza/Desktop/systems/scala/apache/.scala-build/ide-launcher-options.json, --envs-file, /home/ziza/Desktop/systems/scala/apache/.scala-build/ide-envs.json, /home/ziza/Desktop/systems/scala/apache)[0m
2024.11.27 06:41:07 INFO  tracing is disabled for protocol BSP, to enable tracing of incoming and outgoing JSON messages create an empty file at /home/ziza/Desktop/systems/scala/apache/.metals/bsp.trace.json or /home/ziza/.cache/metals/bsp.trace.json[0m
2024.11.27 06:41:18 INFO  no build target found for /home/ziza/Desktop/systems/scala/apache/select.scala. Using presentation compiler with project's scala-library version: 3.3.4[0m
Nov 27, 2024 6:41:18 AM org.eclipse.lsp4j.jsonrpc.RemoteEndpoint handleCancellation
WARNING: Unmatched cancel notification for request id 3
Nov 27, 2024 6:41:19 AM org.eclipse.lsp4j.jsonrpc.RemoteEndpoint handleCancellation
WARNING: Unmatched cancel notification for request id 5
Nov 27, 2024 6:41:19 AM org.eclipse.lsp4j.jsonrpc.RemoteEndpoint handleCancellation
WARNING: Unmatched cancel notification for request id 2
Nov 27, 2024 6:41:19 AM org.eclipse.lsp4j.jsonrpc.RemoteEndpoint handleCancellation
WARNING: Unmatched cancel notification for request id 1
2024.11.27 06:41:19 INFO  no build target found for /home/ziza/Desktop/systems/scala/apache/struct.scala. Using presentation compiler with project's scala-library version: 3.3.4[0m
2024.11.27 06:41:19 INFO  no build target found for /home/ziza/Desktop/systems/scala/apache/struct.scala. Using presentation compiler with project's scala-library version: 3.3.4[0m
2024.11.27 06:41:25 INFO  BSP server: Starting compilation server[0m
2024.11.27 06:41:26 INFO  no build target found for /home/ziza/Desktop/systems/scala/apache/struct.scala. Using presentation compiler with project's scala-library version: 3.3.4[0m
2024.11.27 06:41:26 INFO  no build target found for /home/ziza/Desktop/systems/scala/apache/struct.scala. Using presentation compiler with project's scala-library version: 3.3.4[0m
2024.11.27 06:41:27 INFO  no build target found for /home/ziza/Desktop/systems/scala/apache/struct.scala. Using presentation compiler with project's scala-library version: 3.3.4[0m
2024.11.27 06:41:27 WARN  no build target for: /home/ziza/Desktop/systems/scala/apache/struct.scala[0m
2024.11.27 06:41:27 INFO  no build target found for /home/ziza/Desktop/systems/scala/apache/struct.scala. Using presentation compiler with project's scala-library version: 3.3.4[0m
2024.11.27 06:41:27 INFO  no build target found for /home/ziza/Desktop/systems/scala/apache/struct.scala. Using presentation compiler with project's scala-library version: 3.3.4[0m
2024.11.27 06:41:28 WARN  Could not find semantic tokens for: file:///home/ziza/Desktop/systems/scala/apache/select.scala[0m
2024.11.27 06:41:28 WARN  Could not find semantic tokens for: file:///home/ziza/Desktop/systems/scala/apache/struct.scala[0m
2024.11.27 06:41:28 WARN  no build target for: /home/ziza/Desktop/systems/scala/apache/struct.scala[0m
2024.11.27 06:41:28 INFO  no build target found for /home/ziza/Desktop/systems/scala/apache/struct.scala. Using presentation compiler with project's scala-library version: 3.3.4[0m
2024.11.27 06:41:29 INFO  no build target found for /home/ziza/Desktop/systems/scala/apache/struct.scala. Using presentation compiler with project's scala-library version: 3.3.4[0m
2024.11.27 06:41:29 WARN  Could not find semantic tokens for: file:///home/ziza/Desktop/systems/scala/apache/struct.scala[0m
2024.11.27 06:41:30 INFO  no build target found for /home/ziza/Desktop/systems/scala/apache/struct.scala. Using presentation compiler with project's scala-library version: 3.3.4[0m
2024.11.27 06:41:30 INFO  no build target found for /home/ziza/Desktop/systems/scala/apache/struct.scala. Using presentation compiler with project's scala-library version: 3.3.4[0m
2024.11.27 06:41:30 INFO  no build target found for /home/ziza/Desktop/systems/scala/apache/struct.scala. Using presentation compiler with project's scala-library version: 3.3.4[0m
2024.11.27 06:41:32 INFO  no build target found for /home/ziza/Desktop/systems/scala/apache/struct.scala. Using presentation compiler with project's scala-library version: 3.3.4[0m
2024.11.27 06:41:32 INFO  no build target found for /home/ziza/Desktop/systems/scala/apache/struct.scala. Using presentation compiler with project's scala-library version: 3.3.4[0m
2024.11.27 06:41:32 WARN  no build target for: /home/ziza/Desktop/systems/scala/apache/struct.scala[0m
2024.11.27 06:41:32 INFO  no build target found for /home/ziza/Desktop/systems/scala/apache/struct.scala. Using presentation compiler with project's scala-library version: 3.3.4[0m
2024.11.27 06:41:32 INFO  no build target found for /home/ziza/Desktop/systems/scala/apache/struct.scala. Using presentation compiler with project's scala-library version: 3.3.4[0m
2024.11.27 06:41:32 WARN  Could not find semantic tokens for: file:///home/ziza/Desktop/systems/scala/apache/struct.scala[0m
2024.11.27 06:41:33 WARN  no build target for: /home/ziza/Desktop/systems/scala/apache/struct.scala[0m
2024.11.27 06:41:33 INFO  no build target found for /home/ziza/Desktop/systems/scala/apache/struct.scala. Using presentation compiler with project's scala-library version: 3.3.4[0m
2024.11.27 06:41:33 INFO  no build target found for /home/ziza/Desktop/systems/scala/apache/struct.scala. Using presentation compiler with project's scala-library version: 3.3.4[0m
2024.11.27 06:41:33 WARN  Could not find semantic tokens for: file:///home/ziza/Desktop/systems/scala/apache/struct.scala[0m
2024.11.27 06:41:38 INFO  no build target found for /home/ziza/Desktop/systems/scala/apache/struct.scala. Using presentation compiler with project's scala-library version: 3.3.4[0m
2024.11.27 06:41:38 INFO  no build target found for /home/ziza/Desktop/systems/scala/apache/struct.scala. Using presentation compiler with project's scala-library version: 3.3.4[0m
2024.11.27 06:41:38 INFO  no build target found for /home/ziza/Desktop/systems/scala/apache/struct.scala. Using presentation compiler with project's scala-library version: 3.3.4[0m
2024.11.27 06:41:39 INFO  no build target found for /home/ziza/Desktop/systems/scala/apache/struct.scala. Using presentation compiler with project's scala-library version: 3.3.4[0m
2024.11.27 06:41:39 WARN  no build target for: /home/ziza/Desktop/systems/scala/apache/struct.scala[0m
2024.11.27 06:41:39 INFO  no build target found for /home/ziza/Desktop/systems/scala/apache/struct.scala. Using presentation compiler with project's scala-library version: 3.3.4[0m
2024.11.27 06:41:39 INFO  no build target found for /home/ziza/Desktop/systems/scala/apache/struct.scala. Using presentation compiler with project's scala-library version: 3.3.4[0m
2024.11.27 06:41:39 INFO  time: Connected to build server in 33s[0m
2024.11.27 06:41:39 INFO  Connected to Build server: scala-cli v1.4.0[0m
2024.11.27 06:41:40 INFO  no build target found for /home/ziza/Desktop/systems/scala/apache/struct.scala. Using presentation compiler with project's scala-library version: 3.3.4[0m
2024.11.27 06:41:40 WARN  Could not find semantic tokens for: file:///home/ziza/Desktop/systems/scala/apache/struct.scala[0m
2024.11.27 06:41:40 INFO  no build target found for /home/ziza/Desktop/systems/scala/apache/struct.scala. Using presentation compiler with project's scala-library version: 3.3.4[0m
2024.11.27 06:41:40 WARN  no build target for: /home/ziza/Desktop/systems/scala/apache/struct.scala[0m
2024.11.27 06:41:41 INFO  compiling apache_0b8ab2eb33 (4 scala sources)[0m
2024.11.27 06:41:43 INFO  no build target found for /home/ziza/Desktop/systems/scala/apache/struct.scala. Using presentation compiler with project's scala-library version: 3.3.4[0m
2024.11.27 06:41:43 INFO  no build target found for /home/ziza/Desktop/systems/scala/apache/struct.scala. Using presentation compiler with project's scala-library version: 3.3.4[0m
2024.11.27 06:41:45 INFO  no build target found for /home/ziza/Desktop/systems/scala/apache/struct.scala. Using presentation compiler with project's scala-library version: 3.3.4[0m
2024.11.27 06:41:45 INFO  no build target found for /home/ziza/Desktop/systems/scala/apache/struct.scala. Using presentation compiler with project's scala-library version: 3.3.4[0m
2024.11.27 06:41:45 INFO  no build target found for /home/ziza/Desktop/systems/scala/apache/struct.scala. Using presentation compiler with project's scala-library version: 3.3.4[0m
2024.11.27 06:41:45 WARN  no build target for: /home/ziza/Desktop/systems/scala/apache/struct.scala[0m
2024.11.27 06:41:47 INFO  no build target found for /home/ziza/Desktop/systems/scala/apache/struct.scala. Using presentation compiler with project's scala-library version: 3.3.4[0m
2024.11.27 06:41:47 INFO  no build target found for /home/ziza/Desktop/systems/scala/apache/struct.scala. Using presentation compiler with project's scala-library version: 3.3.4[0m
2024.11.27 06:41:49 INFO  no build target found for /home/ziza/Desktop/systems/scala/apache/struct.scala. Using presentation compiler with project's scala-library version: 3.3.4[0m
2024.11.27 06:41:49 INFO  no build target found for /home/ziza/Desktop/systems/scala/apache/struct.scala. Using presentation compiler with project's scala-library version: 3.3.4[0m
2024.11.27 06:41:52 INFO  no build target found for /home/ziza/Desktop/systems/scala/apache/struct.scala. Using presentation compiler with project's scala-library version: 3.3.4[0m
2024.11.27 06:41:54 INFO  no build target found for /home/ziza/Desktop/systems/scala/apache/struct.scala. Using presentation compiler with project's scala-library version: 3.3.4[0m
2024.11.27 06:41:54 INFO  time: Imported build in 14s[0m
2024.11.27 06:41:54 INFO  running doctor check[0m
2024.11.27 06:41:54 INFO  java targets: apache_0b8ab2eb33, apache_0b8ab2eb33-test[0m
2024.11.27 06:41:54 INFO  compiling apache_0b8ab2eb33 (4 scala sources)[0m
2024.11.27 06:41:58 INFO  time: compiled apache_0b8ab2eb33 in 3.08s[0m
2024.11.27 06:41:59 WARN  Could not find java sources in /usr/lib/jvm/src.zip, /usr/lib/jvm/lib/src.zip, /usr/lib/jvm/java-21-openjdk-amd64/src.zip, /usr/lib/jvm/java-21-openjdk-amd64/lib/src.zip, /usr/lib/jvm/src.zip, /usr/lib/jvm/lib/src.zip, /usr/lib/jvm/java-21-openjdk-amd64/src.zip, /usr/lib/jvm/java-21-openjdk-amd64/lib/src.zip. Java symbols will not be available.[0m
2024.11.27 06:41:59 WARN  Could not find java sources in /usr/lib/jvm/src.zip, /usr/lib/jvm/lib/src.zip, /usr/lib/jvm/java-21-openjdk-amd64/src.zip, /usr/lib/jvm/java-21-openjdk-amd64/lib/src.zip, /usr/lib/jvm/src.zip, /usr/lib/jvm/lib/src.zip, /usr/lib/jvm/java-21-openjdk-amd64/src.zip, /usr/lib/jvm/java-21-openjdk-amd64/lib/src.zip. Java symbols will not be available.[0m
2024.11.27 06:41:59 INFO  time: indexed workspace in 4.8s[0m
2024.11.27 06:42:55 INFO  compiling apache_0b8ab2eb33 (4 scala sources)[0m
2024.11.27 06:42:58 INFO  time: compiled apache_0b8ab2eb33 in 3.4s[0m
2024.11.27 06:42:58 WARN  Could not find semantic tokens for: file:///home/ziza/Desktop/systems/scala/apache/select.scala[0m
2024.11.27 06:42:58 INFO  compiling apache_0b8ab2eb33 (4 scala sources)[0m
2024.11.27 06:43:02 INFO  time: compiled apache_0b8ab2eb33 in 3.14s[0m
2024.11.27 06:43:02 WARN  Could not find semantic tokens for: file:///home/ziza/Desktop/systems/scala/apache/select.scala[0m
2024.11.27 06:44:20 WARN  Could not find semantic tokens for: file:///home/ziza/Desktop/systems/scala/apache/select.scala[0m
2024.11.27 06:48:20 INFO  compiling apache_0b8ab2eb33 (4 scala sources)[0m
2024.11.27 06:48:23 INFO  time: compiled apache_0b8ab2eb33 in 2.33s[0m
Nov 27, 2024 6:49:37 AM org.eclipse.lsp4j.jsonrpc.services.GenericEndpoint notify
INFO: Unsupported notification method: $/setTrace
